2020-02-26 10:18:04 start sync from server
2020-02-26 10:18:12 will try to sync 24 files from server.
2020-02-26 10:18:14 got configs/site.json from server
2020-02-26 10:18:15 got 情商的特点.md from server
2020-02-26 10:18:19 got 新喜.md from server
2020-02-26 10:18:21 got _data/visits.csv from server
2020-02-26 10:18:23 got _data/visits/2019-10-08.csv from server
2020-02-26 10:18:29 got 心里防御机制.md from server
2020-02-26 10:18:33 got 同同的计划.html from server
2020-02-26 10:18:35 got 出口成章.md from server
2020-02-26 10:18:39 got 777.md from server
2020-02-26 10:18:43 got 出游半生.md from server
2020-02-26 10:18:47 got 同同的计划.md from server
2020-02-26 10:18:49 got wechat_format_config.mw_theme from server
2020-02-26 10:18:55 got 心气虚则悲，心气实而笑不休.md from server
2020-02-26 10:18:56 got VIP.md from server
2020-02-26 10:19:01 got _wechat_theme_demo.txt from server
2020-02-26 10:19:03 got 出游半生.html from server
2020-02-26 10:19:07 got 2019-09-26.md from server
2020-02-26 10:19:11 got configs/sorts.json from server
2020-02-26 10:19:11 sync ended
